TN:
SF:src/15.三数之和.ts
FN:8,threeSum
FN:10,(anonymous_1)
FN:46,threeSum2
FN:56,dfs
FN:59,(anonymous_4)
FNF:5
FNH:2
FNDA:1,threeSum
FNDA:51,(anonymous_1)
FNDA:0,threeSum2
FNDA:0,dfs
FNDA:0,(anonymous_4)
DA:8,1
DA:9,1
DA:10,51
DA:11,1
DA:12,11
DA:14,10
DA:15,4
DA:17,6
DA:18,6
DA:19,6
DA:20,51
DA:21,51
DA:22,51
DA:23,51
DA:24,6
DA:27,6
DA:28,7
DA:30,6
DA:31,8
DA:33,6
DA:37,1
DA:47,0
DA:48,0
DA:49,0
DA:51,0
DA:52,0
DA:53,0
DA:57,0
DA:59,0
DA:60,0
DA:62,0
DA:65,0
DA:66,0
DA:67,0
DA:70,0
DA:71,0
DA:73,0
DA:74,0
DA:75,0
DA:76,0
DA:77,0
LF:41
LH:21
BRDA:12,0,0,1
BRDA:14,1,0,4
BRDA:14,2,0,10
BRDA:14,2,1,9
BRDA:21,3,0,11
BRDA:22,4,0,34
BRDA:23,5,0,6
BRDA:27,6,0,13
BRDA:27,6,1,11
BRDA:30,7,0,14
BRDA:30,7,1,12
BRDA:57,8,0,0
BRDA:60,9,0,0
BRDA:66,10,0,0
BRDA:70,11,0,0
BRF:15
BRH:11
end_of_record
